<?xml version="1.0" encoding="UTF-8"?>
<!-- Generated by org.testng.reporters.JUnitXMLReporter -->
<testsuite ignored="0" hostname="BLR135CG1241TTH" failures="1" tests="1" name="Default test" time="24.745" errors="0" timestamp="2024-11-18T22:56:25 IST">
  <testcase classname="io.cucumber.testng.AbstractTestNGCucumberTests" name="runScenario" time="23.968">
    <failure type="java.lang.NullPointerException" message="Cannot invoke &amp;quot;org.openqa.selenium.WebElement.findElement(org.openqa.selenium.By)&amp;quot; because &amp;quot;prod&amp;quot; is null">
      <![CDATA[java.lang.NullPointerException: Cannot invoke "org.openqa.selenium.WebElement.findElement(org.openqa.selenium.By)" because "prod" is null
at rahulshettyacademy.pageobjcets.ProductCatalogue.addProductToCart(ProductCatalogue.java:49)
at rahulshettyacademy.stepDefinitions.StepDefinitionsImpl.i_add_product_to_cart(StepDefinitionsImpl.java:42)
at ✽.I add product  ZARA COAT 3 to Cart(file:///C:/Users/tondikat/eclipse-workspace/SeleniumFrameworkDesign/src/test/java/cucumber/SubmitOrder.feature:12)
]]>
    </failure>
  </testcase> <!-- runScenario -->
</testsuite> <!-- Default test -->
