<?xml version="1.0" encoding="UTF-8"?>
<!-- Generated by org.testng.reporters.JUnitXMLReporter -->
<testsuite ignored="0" hostname="BLR135CG1241TTH" failures="0" tests="4" name="Submit Order Test" time="80.943" errors="0" timestamp="2024-11-07T00:23:22 IST">
  <testcase classname="rahulshettyacademy.tests.SubmitOrderTest" name="sumbitOrder" time="17.259"/>
  <testcase classname="rahulshettyacademy.tests.SubmitOrderTest" name="sumbitOrder" time="5.15">
    <skipped/>
  </testcase> <!-- sumbitOrder -->
  <testcase classname="rahulshettyacademy.tests.SubmitOrderTest" name="sumbitOrder" time="17.657"/>
  <testcase classname="rahulshettyacademy.tests.SubmitOrderTest" name="orderHistoryTest" time="1.347"/>
</testsuite> <!-- Submit Order Test -->
