<?xml version="1.0" encoding="UTF-8"?>
<!-- Generated by org.testng.reporters.JUnitXMLReporter -->
<testsuite ignored="0" hostname="BLR135CG1241TTH" failures="0" tests="2" name="Error Validation Test" time="100.798" errors="0" timestamp="2024-11-12T23:04:11 IST">
  <testcase classname="rahulshettyacademy.tests.ErrorValidationsTest" name="loginErrorValidation" time="30.449"/>
  <testcase classname="rahulshettyacademy.tests.ErrorValidationsTest" name="productErrorValidation" time="40.091"/>
</testsuite> <!-- Error Validation Test -->
