<?xml version="1.0" encoding="UTF-8"?>
<!-- Generated by org.testng.reporters.JUnitXMLReporter -->
<testsuite ignored="0" hostname="BLR135CG1241TTH" failures="0" tests="3" name="Submit Order Test" time="116.563" errors="0" timestamp="2024-11-12T23:04:26 IST">
  <testcase classname="rahulshettyacademy.tests.SubmitOrderTest" name="sumbitOrder" time="46.153"/>
  <testcase classname="rahulshettyacademy.tests.SubmitOrderTest" name="sumbitOrder" time="42.197"/>
  <testcase classname="rahulshettyacademy.tests.SubmitOrderTest" name="orderHistoryTest" time="4.396"/>
</testsuite> <!-- Submit Order Test -->
