<?xml version="1.0" encoding="UTF-8"?>
<!-- Generated by org.testng.reporters.JUnitReportReporter -->
<testsuite hostname="BLR135CG1241TTH" failures="0" tests="1" name="cucumber.TestNGTestRunner" time="23.968" errors="1" timestamp="2024-11-18T22:56:25 IST" skipped="0">
  <testcase classname="cucumber.TestNGTestRunner" name="runScenario" time="23.968">
    <error message="Cannot invoke &quot;org.openqa.selenium.WebElement.findElement(org.openqa.selenium.By)&quot; because &quot;prod&quot; is null" type="java.lang.NullPointerException">
      <![CDATA[java.lang.NullPointerException: Cannot invoke "org.openqa.selenium.WebElement.findElement(org.openqa.selenium.By)" because "prod" is null
at rahulshettyacademy.pageobjcets.ProductCatalogue.addProductToCart(ProductCatalogue.java:49)
at rahulshettyacademy.stepDefinitions.StepDefinitionsImpl.i_add_product_to_cart(StepDefinitionsImpl.java:42)
at ✽.I add product  ZARA COAT 3 to Cart(file:///C:/Users/tondikat/eclipse-workspace/SeleniumFrameworkDesign/src/test/java/cucumber/SubmitOrder.feature:12)
]]>
    </error>
  </testcase> <!-- runScenario -->
</testsuite> <!-- cucumber.TestNGTestRunner -->
